<?xml version="1.0" encoding="UTF-8"?>
<testng-results skipped="0" failed="0" ignored="0" total="1" passed="1">
  <reporter-output>
  </reporter-output>
  <suite name="Default suite" duration-ms="28943" started-at="2017-03-08T00:58:39Z" finished-at="2017-03-08T00:59:08Z">
    <groups>
    </groups>
    <test name="Default test" duration-ms="28943" started-at="2017-03-08T00:58:39Z" finished-at="2017-03-08T00:59:08Z">
      <class name="Test.LaunchTest">
        <test-method status="PASS" signature="maximize()[pri:0, instance:Test.LaunchTest@434a63ab]" name="maximize" is-config="true" duration-ms="18565" started-at="2017-03-07T19:58:39Z" finished-at="2017-03-07T19:58:57Z">
          <reporter-output>
          </reporter-output>
        </test-method> <!-- maximize -->
        <test-method status="PASS" signature="launchTest1()[pri:0, instance:Test.LaunchTest@434a63ab]" name="launchTest1" duration-ms="10350" started-at="2017-03-07T19:58:57Z" finished-at="2017-03-07T19:59:08Z">
          <reporter-output>
          </reporter-output>
        </test-method> <!-- launchTest1 -->
        <test-method status="PASS" signature="quitDriver()[pri:0, instance:Test.LaunchTest@434a63ab]" name="quitDriver" is-config="true" duration-ms="0" started-at="2017-03-07T19:59:08Z" finished-at="2017-03-07T19:59:08Z">
          <reporter-output>
          </reporter-output>
        </test-method> <!-- quitDriver -->
      </class> <!-- Test.LaunchTest -->
    </test> <!-- Default test -->
  </suite> <!-- Default suite -->
</testng-results>
